[    0.000000] Linux version 4.15.0-88-generic (buildd@lgw01-amd64-036) (gcc version 7.4.0 (Ubuntu 7.4.0-1ubuntu1~18.04.1)) #88-Ubuntu SMP Tue Feb 11 20:11:34 UTC 2020 (Ubuntu 4.15.0-88.88-generic 4.15.18)
[    0.000000] Command line: BOOT_IMAGE=/boot/vmlinuz-4.15.0-88-generic root=LABEL=cloudimg-rootfs ro console=tty1 console=ttyS0
[    0.000000] KERNEL supported cpus:
[    0.000000]   Intel GenuineIntel
[    0.000000]   AMD AuthenticAMD
[    0.000000]   Centaur CentaurHauls
[    0.000000] x86/fpu: Supporting XSAVE feature 0x001: 'x87 floating point registers'
[    0.000000] x86/fpu: Supporting XSAVE feature 0x002: 'SSE registers'
[    0.000000] x86/fpu: Supporting XSAVE feature 0x004: 'AVX registers'
[    0.000000] x86/fpu: xstate_offset[2]:  576, xstate_sizes[2]:  256
[    0.000000] x86/fpu: Enabled xstate features 0x7, context size is 832 bytes, using 'standard' format.
[    0.000000] e820: BIOS-provided physical RAM map:
[    0.000000] BIOS-e820: [mem 0x0000000000000000-0x000000000009fbff] usable
[    0.000000] BIOS-e820: [mem 0x000000000009fc00-0x000000000009ffff] reserved
[    0.000000] BIOS-e820: [mem 0x00000000000f0000-0x00000000000fffff] reserved
[    0.000000] BIOS-e820: [mem 0x0000000000100000-0x000000003ffeffff] usable
[    0.000000] BIOS-e820: [mem 0x000000003fff0000-0x000000003fffffff] ACPI data
[    0.000000] BIOS-e820: [mem 0x00000000fec00000-0x00000000fec00fff] reserved
[    0.000000] BIOS-e820: [mem 0x00000000fee00000-0x00000000fee00fff] reserved
[    0.000000] BIOS-e820: [mem 0x00000000fffc0000-0x00000000ffffffff] reserved
[    0.000000] NX (Execute Disable) protection: active
[    0.000000] SMBIOS 2.5 present.
[    0.000000] DMI: innotek GmbH VirtualBox/VirtualBox, BIOS VirtualBox 12/01/2006
[    0.000000] Hypervisor detected: KVM
[    0.000000] e820: last_pfn = 0x3fff0 max_arch_pfn = 0x400000000
[    0.000000] MTRR: Disabled
[    0.000000] x86/PAT: MTRRs disabled, skipping PAT initialization too.
[    0.000000] CPU MTRRs all blank - virtualized system.
[    0.000000] x86/PAT: Configuration [0-7]: WB  WT  UC- UC  WB  WT  UC- UC  
[    0.000000] found SMP MP-table at [mem 0x0009fff0-0x0009ffff]
[    0.000000] Scanning 1 areas for low memory corruption
[    0.000000] RAMDISK: [mem 0x35a6f000-0x36d2efff]
[    0.000000] ACPI: Early table checksum verification disabled
[    0.000000] ACPI: RSDP 0x00000000000E0000 000024 (v02 VBOX  )
[    0.000000] ACPI: XSDT 0x000000003FFF0030 00003C (v01 VBOX   VBOXXSDT 00000001 ASL  00000061)
[    0.000000] ACPI: FACP 0x000000003FFF00F0 0000F4 (v04 VBOX   VBOXFACP 00000001 ASL  00000061)
[    0.000000] ACPI: DSDT 0x000000003FFF0470 002325 (v02 VBOX   VBOXBIOS 00000002 INTL 20100528)
[    0.000000] ACPI: FACS 0x000000003FFF0200 000040
[    0.000000] ACPI: FACS 0x000000003FFF0200 000040
[    0.000000] ACPI: APIC 0x000000003FFF0240 000054 (v02 VBOX   VBOXAPIC 00000001 ASL  00000061)
[    0.000000] ACPI: SSDT 0x000000003FFF02A0 0001CC (v01 VBOX   VBOXCPUT 00000002 INTL 20100528)
[    0.000000] No NUMA configuration found
[    0.000000] Faking a node at [mem 0x0000000000000000-0x000000003ffeffff]
[    0.000000] NODE_DATA(0) allocated [mem 0x3ffc5000-0x3ffeffff]
[    0.000000] kvm-clock: cpu 0, msr 0:3ff44001, primary cpu clock
[    0.000000] kvm-clock: Using msrs 4b564d01 and 4b564d00
[    0.000000] kvm-clock: using sched offset of 6404946546 cycles
[    0.000000] clocksource: kvm-clock: mask: 0xffffffffffffffff max_cycles: 0x1cd42e4dffb, max_idle_ns: 881590591483 ns
[    0.000000] Zone ranges:
[    0.000000]   DMA      [mem 0x0000000000001000-0x0000000000ffffff]
[    0.000000]   DMA32    [mem 0x0000000001000000-0x000000003ffeffff]
[    0.000000]   Normal   empty
[    0.000000]   Device   empty
[    0.000000] Movable zone start for each node
[    0.000000] Early memory node ranges
[    0.000000]   node   0: [mem 0x0000000000001000-0x000000000009efff]
[    0.000000]   node   0: [mem 0x0000000000100000-0x000000003ffeffff]
[    0.000000] Reserved but unavailable: 98 pages
[    0.000000] Initmem setup node 0 [mem 0x0000000000001000-0x000000003ffeffff]
[    0.000000] ACPI: PM-Timer IO Port: 0x4008
[    0.000000] IOAPIC[0]: apic_id 1, version 32, address 0xfec00000, GSI 0-23
[    0.000000] ACPI: INT_SRC_OVR (bus 0 bus_irq 0 global_irq 2 dfl dfl)
[    0.000000] ACPI: INT_SRC_OVR (bus 0 bus_irq 9 global_irq 9 low level)
[    0.000000] Using ACPI (MADT) for SMP configuration information
[    0.000000] smpboot: Allowing 1 CPUs, 0 hotplug CPUs
[    0.000000] PM: Registered nosave memory: [mem 0x00000000-0x00000fff]
[    0.000000] PM: Registered nosave memory: [mem 0x0009f000-0x0009ffff]
[    0.000000] PM: Registered nosave memory: [mem 0x000a0000-0x000effff]
[    0.000000] PM: Registered nosave memory: [mem 0x000f0000-0x000fffff]
[    0.000000] e820: [mem 0x40000000-0xfebfffff] available for PCI devices
[    0.000000] Booting paravirtualized kernel on KVM
[    0.000000] clocksource: refined-jiffies: mask: 0xffffffff max_cycles: 0xffffffff, max_idle_ns: 7645519600211568 ns
[    0.000000] random: get_random_bytes called from start_kernel+0x99/0x4fd with crng_init=0
[    0.000000] setup_percpu: NR_CPUS:8192 nr_cpumask_bits:1 nr_cpu_ids:1 nr_node_ids:1
[    0.000000] percpu: Embedded 45 pages/cpu s147456 r8192 d28672 u2097152
[    0.000000] PV qspinlock hash table entries: 256 (order: 0, 4096 bytes)
[    0.000000] Built 1 zonelists, mobility grouping on.  Total pages: 257913
[    0.000000] Policy zone: DMA32
[    0.000000] Kernel command line: BOOT_IMAGE=/boot/vmlinuz-4.15.0-88-generic root=LABEL=cloudimg-rootfs ro console=tty1 console=ttyS0
[    0.000000] Memory: 983252K/1048120K available (12300K kernel code, 2481K rwdata, 4264K rodata, 2428K init, 2712K bss, 64868K reserved, 0K cma-reserved)
[    0.000000] SLUB: HWalign=64, Order=0-3, MinObjects=0, CPUs=1, Nodes=1
[    0.000000] Kernel/User page tables isolation: enabled
[    0.000000] ftrace: allocating 39344 entries in 154 pages
[    0.004000] Hierarchical RCU implementation.
[    0.004000] 	RCU restricting CPUs from NR_CPUS=8192 to nr_cpu_ids=1.
[    0.004000] 	Tasks RCU enabled.
[    0.004000] RCU: Adjusting geometry for rcu_fanout_leaf=16, nr_cpu_ids=1
[    0.004000] NR_IRQS: 524544, nr_irqs: 256, preallocated irqs: 16
[    0.004000] Console: colour VGA+ 80x25
[    0.004000] console [tty1] enabled
[    0.004000] console [ttyS0] enabled
[    0.004000] ACPI: Core revision 20170831
[    0.004000] ACPI: 2 ACPI AML tables successfully acquired and loaded
[    0.004000] APIC: Switch to symmetric I/O mode setup
[    0.004000] x2apic enabled
[    0.004000] Switched APIC routing to physical x2apic.
[    0.004000] ..TIMER: vector=0x30 apic1=0 pin1=2 apic2=-1 pin2=-1
[    0.004003] tsc: Detected 2903.998 MHz processor
[    0.005242] Calibrating delay loop (skipped) preset value.. 5807.99 BogoMIPS (lpj=11615992)
[    0.008002] pid_max: default: 32768 minimum: 301
[    0.008841] Security Framework initialized
[    0.010001] Yama: becoming mindful.
[    0.012017] AppArmor: AppArmor initialized
[    0.014061] Dentry cache hash table entries: 131072 (order: 8, 1048576 bytes)
[    0.015303] Inode-cache hash table entries: 65536 (order: 7, 524288 bytes)
[    0.016011] Mount-cache hash table entries: 2048 (order: 2, 16384 bytes)
[    0.017136] Mountpoint-cache hash table entries: 2048 (order: 2, 16384 bytes)
[    0.018809] process: using mwait in idle threads
[    0.020005] Last level iTLB entries: 4KB 64, 2MB 8, 4MB 8
[    0.021182] Last level dTLB entries: 4KB 64, 2MB 0, 4MB 0, 1GB 4
[    0.022211] Spectre V1 : Mitigation: usercopy/swapgs barriers and __user pointer sanitization
[    0.023666] Spectre V2 : Mitigation: Full generic retpoline
[    0.024001] Spectre V2 : Spectre v2 / SpectreRSB mitigation: Filling RSB on context switch
[    0.025410] Speculative Store Bypass: Vulnerable
[    0.026283] MDS: Mitigation: Clear CPU buffers
[    0.039766] Freeing SMP alternatives memory: 36K
[    0.151753] smpboot: CPU0: Intel(R) Core(TM) i7-7820HQ CPU @ 2.90GHz (family: 0x6, model: 0x9e, stepping: 0x9)
[    0.152000] Performance Events: unsupported p6 CPU model 158 no PMU driver, software events only.
[    0.152032] Hierarchical SRCU implementation.
[    0.153286] NMI watchdog: Perf event create on CPU 0 failed with -2
[    0.154347] NMI watchdog: Perf NMI watchdog permanently disabled
[    0.155384] smp: Bringing up secondary CPUs ...
[    0.156002] smp: Brought up 1 node, 1 CPU
[    0.156736] smpboot: Max logical packages: 1
[    0.157482] smpboot: Total of 1 processors activated (5807.99 BogoMIPS)
[    0.158708] devtmpfs: initialized
[    0.159350] x86/mm: Memory block size: 128MB
[    0.160109] evm: security.selinux
[    0.160711] evm: security.SMACK64
[    0.161304] evm: security.SMACK64EXEC
[    0.161951] evm: security.SMACK64TRANSMUTE
[    0.162669] evm: security.SMACK64MMAP
[    0.163318] evm: security.apparmor
[    0.164002] evm: security.ima
[    0.164545] evm: security.capability
[    0.165313] clocksource: jiffies: mask: 0xffffffff max_cycles: 0xffffffff, max_idle_ns: 7645041785100000 ns
[    0.166975] futex hash table entries: 256 (order: 2, 16384 bytes)
[    0.168033] pinctrl core: initialized pinctrl subsystem
[    0.168998] RTC time:  2:25:21, date: 05/15/20
[    0.169849] NET: Registered protocol family 16
[    0.170665] audit: initializing netlink subsys (disabled)
[    0.171606] audit: type=2000 audit(1589509529.663:1): state=initialized audit_enabled=0 res=1
[    0.172073] cpuidle: using governor ladder
[    0.173259] cpuidle: using governor menu
[    0.174007] ACPI: bus type PCI registered
[    0.176002] acpiphp: ACPI Hot Plug PCI Controller Driver version: 0.5
[    0.177167] PCI: Using configuration type 1 for base access
[    0.178884] HugeTLB registered 2.00 MiB page size, pre-allocated 0 pages
[    0.181418] ACPI: Added _OSI(Module Device)
[    0.182167] ACPI: Added _OSI(Processor Device)
[    0.182933] ACPI: Added _OSI(3.0 _SCP Extensions)
[    0.183749] ACPI: Added _OSI(Processor Aggregator Device)
[    0.184007] ACPI: Added _OSI(Linux-Dell-Video)
[    0.184784] ACPI: Added _OSI(Linux-Lenovo-NV-HDMI-Audio)
[    0.185693] ACPI: Added _OSI(Linux-HPI-Hybrid-Graphics)
[    0.186907] ACPI: Executed 1 blocks of module-level executable AML code
[    0.190552] ACPI: Interpreter enabled
[    0.192010] ACPI: (supports S0 S5)
[    0.192623] ACPI: Using IOAPIC for interrupt routing
[    0.193769] PCI: Using host bridge windows from ACPI; if necessary, use "pci=nocrs" and report a bug
[    0.195556] ACPI: Enabled 2 GPEs in block 00 to 07
[    0.202684] ACPI: PCI Root Bridge [PCI0] (domain 0000 [bus 00-ff])
[    0.204006] acpi PNP0A03:00: _OSC: OS supports [ASPM ClockPM Segments MSI]
[    0.205635] acpi PNP0A03:00: _OSC: not requesting OS control; OS requires [ExtendedConfig ASPM ClockPM MSI]
[    0.207322] acpi PNP0A03:00: fail to add MMCONFIG information, can't access extended PCI configuration space under this bridge.
[    0.208414] PCI host bridge to bus 0000:00
[    0.209128] pci_bus 0000:00: root bus resource [io  0x0000-0x0cf7 window]
[    0.210266] pci_bus 0000:00: root bus resource [io  0x0d00-0xffff window]
[    0.212002] pci_bus 0000:00: root bus resource [mem 0x000a0000-0x000bffff window]
[    0.214026] pci_bus 0000:00: root bus resource [mem 0x40000000-0xfdffffff window]
[    0.216003] pci_bus 0000:00: root bus resource [bus 00-ff]
[    0.219363] pci 0000:00:01.1: legacy IDE quirk: reg 0x10: [io  0x01f0-0x01f7]
[    0.220002] pci 0000:00:01.1: legacy IDE quirk: reg 0x14: [io  0x03f6]
[    0.222114] pci 0000:00:01.1: legacy IDE quirk: reg 0x18: [io  0x0170-0x0177]
[    0.224109] pci 0000:00:01.1: legacy IDE quirk: reg 0x1c: [io  0x0376]
[    0.241454] pci 0000:00:07.0: quirk: [io  0x4000-0x403f] claimed by PIIX4 ACPI
[    0.243332] pci 0000:00:07.0: quirk: [io  0x4100-0x410f] claimed by PIIX4 SMB
[    0.252378] ACPI: PCI Interrupt Link [LNKA] (IRQs 5 9 10 *11)
[    0.253722] ACPI: PCI Interrupt Link [LNKB] (IRQs 5 9 *10 11)
[    0.255046] ACPI: PCI Interrupt Link [LNKC] (IRQs 5 *9 10 11)
[    0.256192] ACPI: PCI Interrupt Link [LNKD] (IRQs 5 9 10 *11)
[    0.257620] SCSI subsystem initialized
[    0.258589] pci 0000:00:02.0: vgaarb: setting as boot VGA device
[    0.259663] pci 0000:00:02.0: vgaarb: VGA device added: decodes=io+mem,owns=io+mem,locks=none
[    0.260005] pci 0000:00:02.0: vgaarb: bridge control possible
[    0.261061] vgaarb: loaded
[    0.261628] ACPI: bus type USB registered
[    0.264057] usbcore: registered new interface driver usbfs
[    0.265128] usbcore: registered new interface driver hub
[    0.266117] usbcore: registered new device driver usb
[    0.267153] EDAC MC: Ver: 3.0.0
[    0.268171] PCI: Using ACPI for IRQ routing
[    0.269777] NetLabel: Initializing
[    0.270534] NetLabel:  domain hash size = 128
[    0.271463] NetLabel:  protocols = UNLABELED CIPSOv4 CALIPSO
[    0.272029] NetLabel:  unlabeled traffic allowed by default
[    0.273144] clocksource: Switched to clocksource kvm-clock
[    0.284862] VFS: Disk quotas dquot_6.6.0
[    0.285656] VFS: Dquot-cache hash table entries: 512 (order 0, 4096 bytes)
[    0.287100] AppArmor: AppArmor Filesystem Enabled
[    0.288564] pnp: PnP ACPI init
[    0.290591] pnp: PnP ACPI: found 3 devices
[    0.296632] clocksource: acpi_pm: mask: 0xffffff max_cycles: 0xffffff, max_idle_ns: 2085701024 ns
[    0.299133] NET: Registered protocol family 2
[    0.300101] TCP established hash table entries: 8192 (order: 4, 65536 bytes)
[    0.301868] TCP bind hash table entries: 8192 (order: 5, 131072 bytes)
[    0.303010] TCP: Hash tables configured (established 8192 bind 8192)
[    0.304133] UDP hash table entries: 512 (order: 2, 16384 bytes)
[    0.305204] UDP-Lite hash table entries: 512 (order: 2, 16384 bytes)
[    0.306381] NET: Registered protocol family 1
[    0.307180] pci 0000:00:00.0: Limiting direct PCI/PCI transfers
[    0.308316] pci 0000:00:01.0: Activating ISA DMA hang workarounds
[    0.309427] pci 0000:00:02.0: Video device with shadowed ROM at [mem 0x000c0000-0x000dffff]
[    0.310994] Unpacking initramfs...
[    0.568241] Freeing initrd memory: 19200K
[    0.569054] clocksource: tsc: mask: 0xffffffffffffffff max_cycles: 0x29dc03c1beb, max_idle_ns: 440795205215 ns
[    0.570803] platform rtc_cmos: registered platform RTC device (no PNP device found)
[    0.572648] Scanning for low memory corruption every 60 seconds
[    0.574397] Initialise system trusted keyrings
[    0.575303] Key type blacklist registered
[    0.576052] workingset: timestamp_bits=36 max_order=18 bucket_order=0
[    0.579114] zbud: loaded
[    0.579994] squashfs: version 4.0 (2009/01/31) Phillip Lougher
[    0.581355] fuse init (API version 7.26)
[    0.582649] Key type asymmetric registered
[    0.583722] Asymmetric key parser 'x509' registered
[    0.584642] Block layer SCSI generic (bsg) driver version 0.4 loaded (major 246)
[    0.585948] io scheduler noop registered
[    0.586643] io scheduler deadline registered
[    0.587656] io scheduler cfq registered (default)
[    0.589267] ACPI: AC Adapter [AC] (off-line)
[    0.590064] input: Power Button as /devices/LNXSYSTM:00/LNXPWRBN:00/input/input0
[    0.592576] ACPI: Power Button [PWRF]
[    0.593753] input: Sleep Button as /devices/LNXSYSTM:00/LNXSLPBN:00/input/input1
[    0.595207] ACPI: Sleep Button [SLPF]
[    0.597307] ACPI: Battery Slot [BAT0] (battery present)
[    0.598751] Serial: 8250/16550 driver, 32 ports, IRQ sharing enabled
[    0.621561] 00:02: ttyS0 at I/O 0x3f8 (irq = 4, base_baud = 115200) is a 16550A
[    0.625667] Linux agpgart interface v0.103
[    0.651050] loop: module loaded
[    0.652859] scsi host0: ata_piix
[    0.653784] scsi host1: ata_piix
[    0.654673] ata1: PATA max UDMA/33 cmd 0x1f0 ctl 0x3f6 bmdma 0xd000 irq 14
[    0.656023] ata2: PATA max UDMA/33 cmd 0x170 ctl 0x376 bmdma 0xd008 irq 15
[    0.658097] libphy: Fixed MDIO Bus: probed
[    0.658847] tun: Universal TUN/TAP device driver, 1.6
[    0.659777] PPP generic driver version 2.4.2
[    0.660599] ehci_hcd: USB 2.0 'Enhanced' Host Controller (EHCI) Driver
[    0.661742] ehci-pci: EHCI PCI platform driver
[    0.662686] ehci-platform: EHCI generic platform driver
[    0.663988] ohci_hcd: USB 1.1 'Open' Host Controller (OHCI) Driver
[    0.665110] ohci-pci: OHCI PCI platform driver
[    0.665915] ohci-platform: OHCI generic platform driver
[    0.666838] uhci_hcd: USB Universal Host Controller Interface driver
[    0.668420] i8042: PNP: PS/2 Controller [PNP0303:PS2K,PNP0f03:PS2M] at 0x60,0x64 irq 1,12
[    0.670250] serio: i8042 KBD port at 0x60,0x64 irq 1
[    0.671368] serio: i8042 AUX port at 0x60,0x64 irq 12
[    0.672420] mousedev: PS/2 mouse device common for all mice
[    0.673688] input: AT Translated Set 2 keyboard as /devices/platform/i8042/serio0/input/input2
[    0.675522] rtc_cmos rtc_cmos: rtc core: registered rtc_cmos as rtc0
[    0.676852] rtc_cmos rtc_cmos: alarms up to one day, 114 bytes nvram
[    0.678041] i2c /dev entries driver
[    0.678722] device-mapper: uevent: version 1.0.3
[    0.679594] device-mapper: ioctl: 4.37.0-ioctl (2017-09-20) initialised: dm-devel@redhat.com
[    0.681242] ledtrig-cpu: registered to indicate activity on CPUs
[    0.682464] intel_pmc_core:  initialized
[    0.683317] NET: Registered protocol family 10
[    0.687091] Segment Routing with IPv6
[    0.687822] NET: Registered protocol family 17
[    0.688679] Key type dns_resolver registered
[    0.689548] mce: Using 0 MCE banks
[    0.690179] RAS: Correctable Errors collector initialized.
[    0.691184] sched_clock: Marking stable (688636439, 0)->(859221165, -170584726)
[    0.692683] registered taskstats version 1
[    0.693435] Loading compiled-in X.509 certificates
[    0.695913] Loaded X.509 cert 'Build time autogenerated kernel key: f0020782f0d3a548186fb3f47aed88387a71e859'
[    0.697744] zswap: loaded using pool lzo/zbud
[    0.700813] Key type big_key registered
[    0.701583] Key type trusted registered
[    0.703335] Key type encrypted registered
[    0.704163] AppArmor: AppArmor sha1 policy hashing enabled
[    0.705681] ima: No TPM chip found, activating TPM-bypass! (rc=-19)
[    0.707239] ima: Allocated hash algorithm: sha1
[    0.708064] evm: HMAC attrs: 0x1
[    0.708984]   Magic number: 4:703:409
[    0.709709] rtc_cmos rtc_cmos: setting system clock to 2020-05-15 02:25:22 UTC (1589509522)
[    0.711166] BIOS EDD facility v0.16 2004-Jun-25, 0 devices found
[    0.712550] EDD information not available.
[    0.842459] Freeing unused kernel image memory: 2428K
[    0.852784] Write protecting the kernel read-only data: 20480k
[    0.855550] Freeing unused kernel image memory: 2008K
[    0.857450] Freeing unused kernel image memory: 1880K
[    0.865186] x86/mm: Checked W+X mappings: passed, no W+X pages found.
[    0.867130] x86/mm: Checking user space page tables
[    0.873855] x86/mm: Checked W+X mappings: passed, no W+X pages found.
Loading, please wait...
starting version 237
[    0.955157] e1000: Intel(R) PRO/1000 Network Driver - version 7.3.21-k8-NAPI
[    0.956882] e1000: Copyright (c) 1999-2006 Intel Corporation.
[    0.961871] Fusion MPT base driver 3.04.20
[    0.962916] Copyright (c) 1999-2008 LSI Corporation
[    0.978691] Fusion MPT SPI Host driver 3.04.20
[    0.990550] AVX2 version of gcm_enc/dec engaged.
[    0.991556] AES CTR mode by8 optimization enabled
[    1.171048] input: ImExPS/2 Generic Explorer Mouse as /devices/platform/i8042/serio1/input/input4
[    1.364480] e1000 0000:00:03.0 eth0: (PCI:33MHz:32-bit) 02:12:4b:e9:82:8c
[    1.366291] e1000 0000:00:03.0 eth0: Intel(R) PRO/1000 Network Connection
[    1.368323] mptbase: ioc0: Initiating bringup
[    1.465112] ioc0: LSI53C1030 A0: Capabilities={Initiator}
[    1.723189] scsi host2: ioc0: LSI53C1030 A0, FwRev=00000000h, Ports=1, MaxQ=256, IRQ=20
[    1.893151] scsi 2:0:0:0: Direct-Access     VBOX     HARDDISK         1.0  PQ: 0 ANSI: 5
[    1.895791] scsi target2:0:0: Beginning Domain Validation
[    1.899593] scsi target2:0:0: Domain Validation skipping write tests
[    1.901059] scsi target2:0:0: Ending Domain Validation
[    1.902284] random: fast init done
[    1.903126] scsi target2:0:0: asynchronous
[    1.904567] scsi 2:0:1:0: Direct-Access     VBOX     HARDDISK         1.0  PQ: 0 ANSI: 5
[    1.906349] scsi target2:0:1: Beginning Domain Validation
[    1.908322] scsi target2:0:1: Domain Validation skipping write tests
[    1.909638] scsi target2:0:1: Ending Domain Validation
[    1.910725] scsi target2:0:1: asynchronous
[    1.916006] random: systemd-udevd: uninitialized urandom read (16 bytes read)
[    1.918263] random: systemd-udevd: uninitialized urandom read (16 bytes read)
[    1.919574] random: systemd-udevd: uninitialized urandom read (16 bytes read)
[    1.921144] sd 2:0:0:0: Attached scsi generic sg0 type 0
[    1.922233] sd 2:0:0:0: [sda] 20971520 512-byte logical blocks: (10.7 GB/10.0 GiB)
[    1.923649] sd 2:0:0:0: [sda] Write Protect is off
[    1.924784] sd 2:0:1:0: Attached scsi generic sg1 type 0
[    1.925781] sd 2:0:0:0: [sda] Incomplete mode parameter data
[    1.927480] sd 2:0:0:0: [sda] Assuming drive cache: write through
[    1.928879] sd 2:0:1:0: [sdb] 20480 512-byte logical blocks: (10.5 MB/10.0 MiB)
[    1.930246] sd 2:0:1:0: [sdb] Write Protect is off
[    1.931292] sd 2:0:1:0: [sdb] Incomplete mode parameter data
[    1.932309] sd 2:0:1:0: [sdb] Assuming drive cache: write through
[    1.947522]  sda: sda1
[    1.957694] sd 2:0:0:0: [sda] Attached SCSI disk
[    1.959123] sd 2:0:1:0: [sdb] Attached SCSI disk
[    2.302779] e1000 0000:00:08.0 eth1: (PCI:33MHz:32-bit) 08:00:27:41:c0:2f
[    2.304690] e1000 0000:00:08.0 eth1: Intel(R) PRO/1000 Network Connection
[    2.307676] e1000 0000:00:08.0 enp0s8: renamed from eth1
[    2.310237] e1000 0000:00:03.0 enp0s3: renamed from eth0
Begin: Loading essential drivers ... [    3.688499] raid6: sse2x1   gen() 11623 MB/s
[    3.737226] raid6: sse2x1   xor()  8760 MB/s
[    3.790241] raid6: sse2x2   gen() 15609 MB/s
[    3.850291] raid6: sse2x2   xor() 11668 MB/s
[    3.897844] raid6: sse2x4   gen() 18142 MB/s
[    3.946975] raid6: sse2x4   xor() 11330 MB/s
[    4.006978] raid6: avx2x1   gen() 27940 MB/s
[    4.060082] raid6: avx2x1   xor() 16765 MB/s
[    4.109665] raid6: avx2x2   gen() 26605 MB/s
[    4.163410] raid6: avx2x2   xor() 21840 MB/s
[    4.213412] raid6: avx2x4   gen() 35330 MB/s
[    4.267533] raid6: avx2x4   xor() 22578 MB/s
[    4.269144] raid6: using algorithm avx2x4 gen() 35330 MB/s
[    4.270128] raid6: .... xor() 22578 MB/s, rmw enabled
[    4.271312] raid6: using avx2x2 recovery algorithm
[    4.273702] xor: automatically using best checksumming function   avx       
[    4.276204] async_tx: api initialized (async)
done.
Begin: Running /scripts/init-premount ... done.
Begin: Mounting root file system ... Begin: Running /scripts/local-top ... done.
Begin: Running /scripts/local-premount ... [    4.320529] Btrfs loaded, crc32c=crc32c-intel
Scanning for Btrfs filesystems
done.
Warning: fsck not present, so skipping root file system
[    4.360269] EXT4-fs (sda1): mounted filesystem with ordered data mode. Opts: (null)
done.
Begin: Running /scripts/local-bottom ... done.
Begin: Running /scripts/init-bottom ... done.
[    4.549791] ip_tables: (C) 2000-2006 Netfilter Core Team
[    4.561024] systemd[1]: systemd 237 running in system mode. (+PAM +AUDIT +SELINUX +IMA +APPARMOR +SMACK +SYSVINIT +UTMP +LIBCRYPTSETUP +GCRYPT +GNUTLS +ACL +XZ +LZ4 +SECCOMP +BLKID +ELFUTILS +KMOD -IDN2 +IDN -PCRE2 default-hierarchy=hybrid)
[    4.565483] systemd[1]: Detected virtualization oracle.
[    4.566460] systemd[1]: Detected architecture x86-64.

Welcome to [1mUbuntu 18.04.4 LTS[0m!

[    4.570176] systemd[1]: Set hostname to <ubuntu>.
[    4.576299] systemd[1]: Initializing machine ID from random generator.
[    4.577627] systemd[1]: Installed transient /etc/machine-id file.
[    4.863742] systemd[1]: Reached target User and Group Name Lookups.
[[0;32m  OK  [0m] Reached target User and Group Name Lookups.
[    4.865885] systemd[1]: Reached target System Time Synchronized.
[[0;32m  OK  [0m] Reached target System Time Synchronized.
[    4.868055] systemd[1]: Reached target Swap.
[[0;32m  OK  [0m] Reached target Swap.
[    4.870034] systemd[1]: Created slice System Slice.
[[0;32m  OK  [0m] Created slice System Slice.
[[0;32m  OK  [0m] Listening on udev Kernel Socket.
[[0;32m  OK  [0m] Listening on Syslog Socket.
[[0;32m  OK  [0m] Listening on LVM2 metadata daemon socket.
[[0;32m  OK  [0m] Listening on Device-mapper event daemon FIFOs.
[[0;32m  OK  [0m] Listening on udev Control Socket.
[[0;32m  OK  [0m] Listening on Journal Socket (/dev/log).
[[0;32m  OK  [0m] Listening on Journal Audit Socket.
[[0;32m  OK  [0m] Created slice system-serial\x2dgetty.slice.
[[0;32m  OK  [0m] Listening on Journal Socket.
         Starting Remount Root and Kernel File Systems...
[    4.903097] EXT4-fs (sda1): re-mounted. Opts: (null)
         Starting Monitoring of LVM2 mirrors…ng dmeventd or progress polling...
         Starting Set the console keyboard layout...
         Mounting Kernel Debug File System...
         Starting Journal Service...
[[0;32m  OK  [0m] Listening on Network Service Netlink Socket.
         Mounting Huge Pages File System...
         Starting Create list of required st…ce nodes for the current kernel...
[[0;32m  OK  [0m] Set up automount Arbitrary Executab…rmats File System Automount Point.
         Starting Load Kernel Modules...
         Starting udev Coldplug all Devices...
[[0;32m  OK  [0m] Listening on /dev/initctl Compatibility Named Pipe.
[    5.002166] Loading iSCSI transport class v2.0-870.
[    5.007766] iscsi: registered transport (tcp)
         Starting Uncomplicated firewall...
[[0;32m  OK  [0m] Created slice User and Session Slice.
[[    5.026237] iscsi: registered transport (iser)
[0;32m  OK  [0m] Reached target Slices.
[[0;32m  OK  [0m] Listening on LVM2 poll daemon socket.
         Mounting POSIX Message Queue File System...
[[0;32m  OK  [0m] Started Forward Password Requests to Wall Directory Watch.
[[0;32m  OK  [0m] Started Journal Service.
[[0;32m  OK  [0m] Started Remount Root and Kernel File Systems.
[[0;32m  OK  [0m] Mounted Kernel Debug File System.
[[0;32m  OK  [0m] Mounted Huge Pages File System.
[[0;32m  OK  [0m] Started Create list of required sta…vice nodes for the current kernel.
[[0;32m  OK  [0m] Started Load Kernel Modules.
[[0;32m  OK  [0m] Started Uncomplicated firewall.
[[0;32m  OK  [0m] Mounted POSIX Message Queue File System.
[[0;32m  OK  [0m] Started LVM2 metadata daemon.
         Mounting Kernel Configuration File System...
         Starting Apply Kernel Variables...
         Mounting FUSE Control File System...
         Starting Create Static Device Nodes in /dev...
         Starting Load/Save Random Seed...
         Starting Flush Journal to Persistent Storage...
[[0;32m  OK  [0m] Started udev Coldplug all Devices.
[[0;32m  OK  [0m] Mounted Kernel Configuration File System.
[[0;32m  OK  [0m] Started Apply Kernel Variables.
[[0;32m  OK  [0m] Started Monitoring of LVM2 mirrors,…sing dmeventd or progress polling.
[[0;32m  OK  [0m] Mounted FUSE Control File System.
[[0;32m  OK  [0m] Started Create Static Device Nodes in /dev.
[[0;32m  OK  [0m] Started Load/Save Random Seed.
         Starting udev Kernel Device Manager...
[[0;32m  OK  [0m] Started udev Kernel Device Manager.
[[0;32m  OK  [0m] Started Flush Journal to Persistent Storage.
[[0;32m  OK  [0m] Found device /dev/ttyS0.
[[0;32m  OK  [0m] Listening on Load/Save RF Kill Switch Status /dev/rfkill Watch.
[[0;32m  OK  [0m] Started Set the console keyboard layout.
[[0;32m  OK  [0m] Started Dispatch Password Requests to Console Directory Watch.
[[0;32m  OK  [0m] Reached target Local Encrypted Volumes.
[[0;32m  OK  [0m] Reached target Local File Systems (Pre).
[[0;32m  OK  [0m] Reached target Local File Systems.
         Starting Commit a transient machine-id on disk...
         Starting ebtables ruleset management...
         Starting Create Volatile Files and Directories...
         Starting Set console font and keymap...
         Starting AppArmor initialization...
         Starting Tell Plymouth To Write Out Runtime Data...
[[0;32m  OK  [0m] Started Set console font and keymap.
[[0;32m  OK  [0m] Started Commit a transient machine-id on disk.
[[0;32m  OK  [0m] Started Tell Plymouth To Write Out Runtime Data.
[[0;32m  OK  [0m] Started Create Volatile Files and Directories.
         Starting Update UTMP about System Boot/Shutdown...
[[0;32m  OK  [0m] Started Update UTMP about System Boot/Shutdown.
[[0;32m  OK  [0m] Started ebtables ruleset management.
[[0;32m  OK  [0m] Started AppArmor initialization.
         Starting Initial cloud-init job (pre-networking)...
[    8.374360] cloud-init[619]: Cloud-init v. 19.4-33-gbb4131a2-0ubuntu1~18.04.1 running 'init-local' at Fri, 15 May 2020 02:25:29 +0000. Up 8.05 seconds.
[[0;32m  OK  [0m] Started Initial cloud-init job (pre-networking).
[[0;32m  OK  [0m] Reached target Network (Pre).
         Starting Network Service...
[[0;32m  OK  [0m] Started Network Service.
         Starting Wait for Network to be Configured...
         Starting Network Name Resolution...
[[0;32m  OK  [0m] Started Network Name Resolution.
[[0;32m  OK  [0m] Reached target Network.
[[0;32m  OK  [0m] Reached target Host and Network Name Lookups.
[[0;32m  OK  [0m] Started Wait for Network to be Configured.
         Starting Initial cloud-init job (metadata service crawler)...
[   10.287709] cloud-init[726]: Cloud-init v. 19.4-33-gbb4131a2-0ubuntu1~18.04.1 running 'init' at Fri, 15 May 2020 02:25:31 +0000. Up 10.12 seconds.
[   10.289403] cloud-init[726]: ci-info: ++++++++++++++++++++++++++++++++++++++Net device info+++++++++++++++++++++++++++++++++++++++
[   10.290715] cloud-init[726]: ci-info: +--------+-------+----------------------------+---------------+--------+-------------------+
[   10.292579] cloud-init[726]: ci-info: | Device |   Up  |          Address           |      Mask     | Scope  |     Hw-Address    |
[   10.293706] cloud-init[726]: ci-info: +--------+-------+----------------------------+---------------+--------+-------------------+
[   10.304254] cloud-init[726]: ci-info: | enp0s3 |  True |         10.0.2.15          | 255.255.255.0 | global | 02:12:4b:e9:82:8c |
[   10.305604] cloud-init[726]: ci-info: | enp0s3 |  True | fe80::12:4bff:fee9:828c/64 |       .       |  link  | 02:12:4b:e9:82:8c |
[   10.307197] cloud-init[726]: ci-info: | enp0s8 | False |             .              |       .       |   .    | 08:00:27:41:c0:2f |
[   10.309078] cloud-init[726]: ci-info: |   lo   |  True |         127.0.0.1          |   255.0.0.0   |  host  |         .         |
[   10.312694] cloud-init[726]: ci-info: |   lo   |  True |          ::1/128           |       .       |  host  |         .         |
[   10.316983] cloud-init[726]: ci-info: +--------+-------+----------------------------+---------------+--------+-------------------+
[   10.320046] cloud-init[726]: ci-info: ++++++++++++++++++++++++++++Route IPv4 info+++++++++++++++++++++++++++++
[   10.328538] cloud-init[726]: ci-info: +-------+-------------+----------+-----------------+-----------+-------+
[   10.330162] cloud-init[726]: ci-info: | Route | Destination | Gateway  |     Genmask     | Interface | Flags |
[   10.333135] cloud-init[726]: ci-info: +-------+-------------+----------+-----------------+-----------+-------+
[   10.340459] cloud-init[726]: ci-info: |   0   |   0.0.0.0   | 10.0.2.2 |     0.0.0.0     |   enp0s3  |   UG  |
[   10.344263] cloud-init[726]: ci-info: |   1   |   10.0.2.0  | 0.0.0.0  |  255.255.255.0  |   enp0s3  |   U   |
[   10.346346] cloud-init[726]: ci-info: |   2   |   10.0.2.2  | 0.0.0.0  | 255.255.255.255 |   enp0s3  |   UH  |
[   10.360369] cloud-init[726]: ci-info: +-------+-------------+----------+-----------------+-----------+-------+
[   10.372468] cloud-init[726]: ci-info: +++++++++++++++++++Route IPv6 info+++++++++++++++++++
[   10.384197] cloud-init[726]: ci-info: +-------+-------------+---------+-----------+-------+
[   10.385261] cloud-init[726]: ci-info: | Route | Destination | Gateway | Interface | Flags |
[   10.386568] cloud-init[726]: ci-info: +-------+-------------+---------+-----------+-------+
[   10.388056] cloud-init[726]: ci-info: |   1   |  fe80::/64  |    ::   |   enp0s3  |   U   |
[   10.391054] cloud-init[726]: ci-info: |   3   |    local    |    ::   |   enp0s3  |   U   |
[   10.394853] cloud-init[726]: ci-info: |   4   |   ff00::/8  |    ::   |   enp0s3  |   U   |
[   10.397965] cloud-init[726]: ci-info: +-------+-------------+---------+-----------+-------+
[   10.949479] cloud-init[726]: Generating public/private rsa key pair.
[   10.960361] cloud-init[726]: Your identification has been saved in /etc/ssh/ssh_host_rsa_key.
[   10.961902] cloud-init[726]: Your public key has been saved in /etc/ssh/ssh_host_rsa_key.pub.
[   10.972379] cloud-init[726]: The key fingerprint is:
[   10.974453] cloud-init[726]: SHA256:Wcl4rwYmRWkul0NalSPEKuazSXrgwqU/vDRVBQphgnw root@ubuntu-bionic
[   10.984498] cloud-init[726]: The key's randomart image is:
[   10.988289] cloud-init[726]: +---[RSA 2048]----+
[   10.992255] cloud-init[726]: |o. +.  +++..     |
[   10.996189] cloud-init[726]: |..oE. ..Ooo.     |
[   10.997764] cloud-init[726]: |  .  . Ooo=.     |
[   11.004304] cloud-init[726]: |    o =.=+ .     |
[   11.005836] cloud-init[726]: |   o o.oS.  .    |
[   11.007400] cloud-init[726]: |  ..=  o . .     |
[   11.013179] cloud-init[726]: |..+* +    o      |
[   11.014778] cloud-init[726]: |.o+o=    .       |
[   11.020622] cloud-init[726]: | ..+o            |
[   11.021227] cloud-init[726]: +----[SHA256]-----+
[   11.022237] cloud-init[726]: Generating public/private dsa key pair.
[   11.032333] cloud-init[726]: Your identification has been saved in /etc/ssh/ssh_host_dsa_key.
[   11.033898] cloud-init[726]: Your public key has been saved in /etc/ssh/ssh_host_dsa_key.pub.
[   11.036149] cloud-init[726]: The key fingerprint is:
[   11.040226] cloud-init[726]: SHA256:VWOJQDQeJ3kUDfl3QaB6OLMEBjeTqTna/taat5RKxrA root@ubuntu-bionic
[[0;32m  OK  [0m] Started Initial cloud-init job (metadata service crawler).
[[0;32m  OK  [0m] Reached target Cloud-config availability.
[   11.055613] cloud-init[726]: The key's randomart image is:
[[0;32m  OK  [0m] Reached target System Initialization.[   11.074014] cloud-init[726]: +---[DSA 1024]----+
[[0;32m  OK  [0m] Listening on Open-iSCSI iscsid Socket.
[[0;32m  OK  [0m] Started Daily apt download activities.
[[0;32m  OK  [0m] Started Daily apt upgrade and clean activities.

[[0;32m  OK  [0m] Listening on UUID daemon activation socket.
[   11.091214] cloud-init[726]: |     . *X+=*+oo. |
         Starting LXD - unix socket.[   11.096420] cloud-init[726]: |      o++=+o+. . |
[   11.098024] cloud-init[726]: |      oo...o    .|
[   11.099530] cloud-init
[[0;32m  OK  [0m] Started Discard unused blocks once a week.
[[0;32m  OK  [0m] Started ACPI Events Check.
[[0;32m  OK  [0m] Reached target Paths.
[[0;32m  OK  [0m] Started Daily Cleanup of Temporary Directories.
[[0;32m  OK  [0m] Listening on ACPID Listen Socket.
         Starting Socket activation for snappy daemon.
[[0;32m  OK  [0m] Started Message of the Day.
[[0;32m  OK  [0m] Reached target Timers.
[[0;32m  OK  [0m] Listening on D-Bus System Message Bus Socket.
[[0;32m  OK  [0m] Reached target Network is Online.[726]: |     +. ..o . . .|
[   11.121558] cloud-init[726]: |    o.. S* . . . |
[   11.122479] cloud-init[726]: |   . .+ . *      |
[   11.123806] cloud-init
         Starting Availability of block devices...
[[0;32m  OK  [0m] Reached target Remote File Systems (Pre).
[[0;32m  OK  [0m] Reached target Remote File Systems.
[726]: |    .E +.+       |
[[0;32m  OK  [0m] Listening on LXD - unix socket.
[[0;32m  OK  [0m] Listening on Socket activation for snappy daemon.
[[0;32m  OK  [0m] Started Availability of block devices.
[[0;32m  OK  [0m] Reached target Sockets.[   11.148899] cloud-init[726]: |     .o.+o       |
[   11.165946] cloud-init[726]: |      o=o..      |
[   11.167761] 
[[0;32m  OK  [0m] Reached target Basic System.
cloud-init         [726]: +----[SHA256]-----+
[   11.172896] cloud-init[726]: Generating public/private ecdsa key pair.
[   11.173915] cloud-init[726]: Your identification has been saved in /etc/ssh/ssh_host_ecdsa_key.
[   11.175256] cloud-init[726]: Your public key has been saved in /etc/ssh/ssh_host_ecdsa_key.pub.Starting Dispatcher daemon for systemd-networkd...
[[0;32m  OK  [0m] Started Regular background program processing daemon.
[[0;32m  OK  [0m] Started irqbalance daemon.
[[0;32m  OK  [0m] Started D-Bus System Message Bus.

[   11.193806] cloud-init[726]: The key fingerprint is:
[   11.208881] cloud-init[726]: SHA256:3mSfXQWD8PQVS6SpZhwS/zQLCU4SYfoMFP0Q+v5QeIk root@ubuntu-bionic
[   11.209621] cloud-init[726]: The key's randomart image is:
[   11.212353] cloud-init[726]: +---[ECDSA 256]---+
[   11.224528] cloud-init[726]: |     oo*++....++o|
[   11.225226] cloud-init[726]: |    . +o+ +oo.++.|
[   11.227137] cloud-init[726]: |     +  oo =.=...|
[   11.228285] cloud-init[726]: |      = o.+ * o .|
[   11.228803] cloud-init[726]: |       ES+o= o  .|
[   11.229179] cloud-init[726]: |      ..o+o. o . |
[   11.230047] cloud-init[726]: |       o. . o .  |
[   11.231653] cloud-init[726]: |        o        |
[   11.232001] cloud-init[726]: |         .       |
[   11.232423] cloud-init[726]: +----[SHA256]-----+
[   11.244305] cloud-init[726]: Generating public/private ed25519 key pair.
[   11.245135] cloud-init[726]: Your identification has been saved in /etc/ssh/ssh_host_ed25519_key.
[   11.246114] cloud-init[726]: Your public key has been saved in /etc/ssh/ssh_host_ed25519_key.pub.
[   11.247490] cloud-init[726]: The key fingerprint is:
[   11.250325] [[0;32m  OK  [0m] Started Deferred execution scheduler.
cloud-init[726]:          Starting System Logging Service...
SHA256:aOjQqABbnFvoRfwdTzXOlSsfeoact8s0Eha/JOCvs5I root@ubuntu-bionic
         Starting LSB: Record successful boot for GRUB...
         Starting Snappy daemon...
[[0;32m  OK  [0m] Started FUSE filesystem for LXC.
[   11.279229] cloud-init[726]: The key's randomart image is:
[   11.295862] cloud-init[726]: +--[ED25519 256]--+
[   11.299817] cloud-init[726]: |   ..      .o .. |
[   11.310745] cloud-init[726]: | . +.   . .o o.  |
[   11.317397] cloud-init[726]: |. = o. . +. +  . |
[   11.321096] cloud-init[726]: |.+ * ........oo  |
[   11.329700] cloud-init[726]: |o = o o S ..+*o. |
[   11.335963] cloud-init[726]: |.. o .     o=+=. |
[   11.337754] cloud-init[726]: |.   .    .  o++. |
[   11.341699] cloud-init[726]: |        E .. +.. |
[   11.346767] cloud-init[726]: |         .oo  o. |
[   11.348922] cloud-init[726]: +----[SHA256]-----+
         Starting Pollinate to seed the pseudo random number generator...
         Starting Permit User Sessions...
         Starting LSB: automatic crash report generation...
         Starting LXD - container startup/shutdown...
         Starting Virtualbox guest utils...
         Starting Accounts Service...
         Starting Login Service...
[[0;32m  OK  [0m] Started System Logging Service.
[[0;32m  OK  [0m] Started Permit User Sessions.
         Starting Hold until boot process finishes up...
         Starting Terminate Plymouth Boot Screen...
[[0;32m  OK  [0m] Started Hold until boot process finishes up.
[[0;32m  OK  [0m] Started Serial Getty on ttyS0.
         Starting Set console scheme...
[[0;32m  OK  [0m] Started Terminate Plymouth Boot Screen.
[[0;32m  OK  [0m] Started Login Service.
[[0;32m  OK  [0m] Started Unattended Upgrades Shutdown.
[[0;32m  OK  [0m] Started Set console scheme.
[[0;32m  OK  [0m] Created slice system-getty.slice.
[[0;32m  OK  [0m] Started Getty on tty1.
[[0;32m  OK  [0m] Reached target Login Prompts.
[[0;32m  OK  [0m] Started LSB: Record successful boot for GRUB.
         Starting Authorization Manager...
[[0;32m  OK  [0m] Started LSB: automatic crash report generation.
[[0;32m  OK  [0m] Started Authorization Manager.
[[0;32m  OK  [0m] Started Accounts Service.
[[0;32m  OK  [0m] Started Virtualbox guest utils.
[[0;32m  OK  [0m] Started LXD - container startup/shutdown.
[[0;32m  OK  [0m] Started Dispatcher daemon for systemd-networkd.
[[0;32m  OK  [0m] Started Snappy daemon.
         Starting Wait until snapd is fully seeded...
[[0;32m  OK  [0m] Started Pollinate to seed the pseudo random number generator.
         Starting OpenBSD Secure Shell server...
[[0;32m  OK  [0m] Started OpenBSD Secure Shell server.
[[0;32m  OK  [0m] Created slice User Slice of vagrant.
         Starting User Manager for UID 1000...
[[0;32m  OK  [0m] Started Session 1 of user vagrant.
[[0;32m  OK  [0m] Started User Manager for UID 1000.
[[0;32m  OK  [0m] Started Wait until snapd is fully seeded.
         Starting Apply the settings specified in cloud-config...
[[0;32m  OK  [0m] Reached target Multi-User System.
[[0;32m  OK  [0m] Reached target Graphical Interface.
         Starting Update UTMP about System Runlevel Changes...
[[0;32m  OK  [0m] Started Update UTMP about System Runlevel Changes.
         Stopping User Manager for UID 1000...
[[0;32m  OK  [0m] Stopped User Manager for UID 1000.
[[0;32m  OK  [0m] Removed slice User Slice of vagrant.
[[0;32m  OK  [0m] Created slice User Slice of vagrant.
         Starting User Manager for UID 1000...
[[0;32m  OK  [0m] Started Session 3 of user vagrant.
[[0;32m  OK  [0m] Started User Manager for UID 1000.
[   16.603580] cloud-init[1298]: Cloud-init v. 19.4-33-gbb4131a2-0ubuntu1~18.04.1 running 'modules:config' at Fri, 15 May 2020 02:25:37 +0000. Up 16.06 seconds.

Ubuntu 18.04.4 LTS ubuntu-bionic ttyS0

ubuntu-bionic login: ci-info: no authorized SSH keys fingerprints found for user ubuntu.
<14>May 15 02:25:39 ec2: 
<14>May 15 02:25:39 ec2: #############################################################
<14>May 15 02:25:39 ec2: -----BEGIN SSH HOST KEY FINGERPRINTS-----
<14>May 15 02:25:39 ec2: 1024 SHA256:VWOJQDQeJ3kUDfl3QaB6OLMEBjeTqTna/taat5RKxrA root@ubuntu-bionic (DSA)
<14>May 15 02:25:39 ec2: 256 SHA256:3mSfXQWD8PQVS6SpZhwS/zQLCU4SYfoMFP0Q+v5QeIk root@ubuntu-bionic (ECDSA)
<14>May 15 02:25:39 ec2: 256 SHA256:aOjQqABbnFvoRfwdTzXOlSsfeoact8s0Eha/JOCvs5I root@ubuntu-bionic (ED25519)
<14>May 15 02:25:39 ec2: 2048 SHA256:Wcl4rwYmRWkul0NalSPEKuazSXrgwqU/vDRVBQphgnw root@ubuntu-bionic (RSA)
<14>May 15 02:25:39 ec2: -----END SSH HOST KEY FINGERPRINTS-----
<14>May 15 02:25:39 ec2: #############################################################
-----BEGIN SSH HOST KEY KEYS-----
ecdsa-sha2-nistp256 AAAAE2VjZHNhLXNoYTItbmlzdHAyNTYAAAAIbmlzdHAyNTYAAABBBMCwCk2TlvLsh++3h3ZPrCbZVdp+cOXxLFBuquLc89USzPu+BTYkCCG+6eWzxp1HesYiQ6Kt1jQgyuSa3ts4kNQ= root@ubuntu-bionic
ssh-ed25519 AAAAC3NzaC1lZDI1NTE5AAAAIGOXJcD01ITZ8Sz3SWxUDZ3KW40LMFmsdXyUvtwhRO7F root@ubuntu-bionic
ssh-rsa AAAAB3NzaC1yc2EAAAADAQABAAABAQDMwz3QuXGjDWFiLvfUmehyHq4c6igYDJCUE+pzIKfVPLOxlHHy5N8mRXo2jEqswWonzT8KyrYltI8aLwuK8jCYOqMYbOfiqQbOXysoczr/LzMJ1UrqipyHdEmuP7oOJ/DvKy6TlJf15+iA7c1SjsFkL0WttXGQkK91elwqnWcMZPqVnnQjqa3rDFsvznpbzfjdQqBGf0pH3hlYxx2RJaDgAoJNnFDxHPMi5IjO0CwHvHQlg19+MUuFX5EHr3YyJA4kaFj8IyWB+/Ste0cf6THIEQVWe1J11u7eBShxaJssoZfSsQzCIBbyS0EpuDOv7QiWJfwwb3prdVqa3z64wjex root@ubuntu-bionic
-----END SSH HOST KEY KEYS-----
[   17.685267] cloud-init[1464]: Cloud-init v. 19.4-33-gbb4131a2-0ubuntu1~18.04.1 running 'modules:final' at Fri, 15 May 2020 02:25:39 +0000. Up 17.48 seconds.
[   17.687936] cloud-init[1464]: ci-info: no authorized SSH keys fingerprints found for user ubuntu.
[   17.693564] cloud-init[1464]: Cloud-init v. 19.4-33-gbb4131a2-0ubuntu1~18.04.1 finished at Fri, 15 May 2020 02:25:39 +0000. Datasource DataSourceNoCloud [seed=/dev/sdb][dsmode=net].  Up 17.67 seconds
